
$BNRDD,3079,2018-05-21T07:52:34Z,47,7,171,A,5458.0202,N,00137.0147,W,50.50,A,6,117*59
$BNRDD,3079,2018-05-21T07:52:39Z,47,1,172,A,5458.0199,N,00137.0171,W,45.80,A,6,123*5B
$BNRDD,3079,2018-05-21T07:52:44Z,47,3,175,A,5458.0208,N,00137.0141,W,53.90,A,6,139*51
$BNRDD,3079,2018-05-21T07:52:49Z,45,3,178,A,5458.0234,N,00137.0131,W,54.10,A,6,116*59
$BNRDD,3079,2018-05-21T07:52:54Z,42,0,178,A,5458.0266,N,00137.0171,W,50.90,A,6,155*59
$BNRDD,3079,2018-05-21T07:52:59Z,42,2,180,A,5458.0301,N,00137.0210,W,48.40,A,6,155*51
$BNRDD,3079,2018-05-21T07:53:04Z,40,3,183,A,5458.0330,N,00137.0241,W,43.70,A,6,123*57
$BNRDD,3079,2018-05-21T07:53:09Z,41,2,185,A,5458.0363,N,00137.0250,W,43.90,A,6,123*54
$BNRDD,3079,2018-05-21T07:53:14Z,38,4,189,A,5458.0373,N,00137.0203,W,48.50,A,6,123*5C
$BNRDD,3079,2018-05-21T07:53:19Z,38,4,193,A,5458.0393,N,00137.0149,W,52.40,A,6,123*53
$BNRDD,3079,2018-05-21T07:53:24Z,35,1,194,A,5458.0432,N,00137.0114,W,50.60,A,6,123*56
$BNRDD,3079,2018-05-21T07:53:29Z,33,3,197,A,5458.0475,N,00137.0083,W,49.90,A,6,123*57
$BNRDD,3079,2018-05-21T07:53:34Z,28,2,199,A,5458.0514,N,00137.0054,W,51.50,A,6,123*57
$BNRDD,3079,2018-05-21T07:53:39Z,29,2,201,A,5458.0541,N,00137.0022,W,51.70,A,6,123*5A
$BNRDD,3079,2018-05-21T07:53:44Z,26,0,201,A,5458.0582,N,00136.9969,W,51.00,A,6,123*5B
$BNRDD,3079,2018-05-21T07:53:49Z,24,1,202,A,5458.0601,N,00136.9911,W,50.40,A,6,123*54
$BNRDD,3079,2018-05-21T07:53:54Z,28,4,206,A,5458.0634,N,00136.9860,W,50.30,A,6,123*53
$BNRDD,3079,2018-05-21T07:53:59Z,30,4,210,A,5458.0684,N,00136.9850,W,49.20,A,6,122*50
$BNRDD,3079,2018-05-21T07:54:04Z,29,2,212,A,5458.0717,N,00136.9810,W,49.50,A,6,123*5A
$BNRDD,3079,2018-05-21T07:54:09Z,30,3,215,A,5458.0753,N,00136.9811,W,46.60,A,6,123*54
$BNRDD,3079,2018-05-21T07:54:14Z,29,3,218,A,5458.0785,N,00136.9766,W,46.00,A,6,123*5F
$BNRDD,3079,2018-05-21T07:54:19Z,27,2,220,A,5458.0796,N,00136.9710,W,45.80,A,6,123*5E
$BNRDD,3079,2018-05-21T07:54:24Z,31,5,225,A,5458.0826,N,00136.9692,W,45.40,A,6,123*56
$BNRDD,3079,2018-05-21T07:54:29Z,31,3,228,A,5458.0828,N,00136.9638,W,44.80,A,6,123*53
$BNRDD,3079,2018-05-21T07:54:34Z,30,1,229,A,5458.0816,N,00136.9548,W,33.70,A,7,115*5F
$BNRDD,3079,2018-05-21T07:54:39Z,28,0,229,A,5458.0819,N,00136.9490,W,29.20,A,7,115*5F
$BNRDD,3079,2018-05-21T07:54:44Z,34,6,235,A,5458.0824,N,00136.9442,W,26.10,A,7,115*5E
$BNRDD,3079,2018-05-21T07:54:49Z,35,2,237,A,5458.0812,N,00136.9372,W,24.00,A,6,123*52
$BNRDD,3079,2018-05-21T07:54:54Z,37,6,243,A,5458.0795,N,00136.9287,W,24.00,A,7,115*54
$BNRDD,3079,2018-05-21T07:54:59Z,37,4,247,A,5458.0796,N,00136.9203,W,23.40,A,7,115*53
$BNRDD,3079,2018-05-21T07:55:04Z,37,2,249,A,5458.0798,N,00136.9158,W,23.10,A,6,123*50
$BNRDD,3079,2018-05-21T07:55:09Z,37,3,252,A,5458.0801,N,00136.9103,W,22.80,A,7,115*5B
$BNRDD,3079,2018-05-21T07:55:14Z,34,0,252,A,5458.0808,N,00136.9026,W,22.00,A,6,122*55
$BNRDD,3079,2018-05-21T07:55:19Z,34,2,254,A,5458.0830,N,00136.8958,W,21.60,A,7,115*56
$BNRDD,3079,2018-05-21T07:55:24Z,32,3,257,A,5458.0851,N,00136.8881,W,21.70,A,7,115*5F
$BNRDD,3079,2018-05-21T07:55:29Z,34,5,262,A,5458.0862,N,00136.8813,W,21.80,A,7,115*50
$BNRDD,3079,2018-05-21T07:55:34Z,34,1,263,A,5458.0890,N,00136.8755,W,22.00,A,7,115*52
$BNRDD,3079,2018-05-21T07:55:39Z,37,3,266,A,5458.0916,N,00136.8744,W,22.40,A,7,114*51
$BNRDD,3079,2018-05-21T07:55:44Z,33,2,268,A,5458.0943,N,00136.8693,W,22.90,A,6,173*56
$BNRDD,3079,2018-05-21T07:55:49Z,35,4,272,A,5458.0974,N,00136.8698,W,23.60,A,7,114*51
$BNRDD,3079,2018-05-21T07:55:54Z,33,4,276,A,5458.0992,N,00136.8695,W,24.20,A,7,114*59
$BNRDD,3079,2018-05-21T07:55:59Z,36,7,283,A,5458.1021,N,00136.8690,W,24.80,A,6,139*59
$BNRDD,3079,2018-05-21T07:56:04Z,38,4,287,A,5458.1035,N,00136.8693,W,25.20,A,6,139*56
$BNRDD,3079,2018-05-21T07:56:09Z,38,3,290,A,5458.0993,N,00136.8730,W,25.50,A,6,115*5F
$BNRDD,3079,2018-05-21T07:56:14Z,42,4,294,A,5458.0974,N,00136.8736,W,25.70,V,6,115*47
$BNRDD,3079,2018-05-21T07:56:19Z,43,3,297,A,5458.0974,N,00136.8736,W,25.70,V,6,115*4F
$BNRDD,3079,2018-05-21T07:56:24Z,43,3,300,A,5458.0974,N,00136.8736,W,25.70,V,6,115*4E
$BNRDD,3079,2018-05-21T07:56:29Z,40,2,302,A,5458.0974,N,00136.8736,W,25.70,V,6,115*43
$BNRDD,3079,2018-05-21T07:56:34Z,42,3,305,A,5458.0974,N,00136.8736,W,25.70,V,6,115*4B
$BNRDD,3079,2018-05-21T07:56:39Z,43,4,309,A,5458.0974,N,00136.8736,W,25.70,V,6,115*4C
$BNRDD,3079,2018-05-21T07:56:44Z,43,2,311,A,5458.0974,N,00136.8736,W,25.70,V,6,115*49
$BNRDD,3079,2018-05-21T07:56:49Z,47,8,319,A,5458.0974,N,00136.8736,W,25.70,V,6,115*42
$BNRDD,3079,2018-05-21T07:56:54Z,46,3,322,A,5458.0974,N,00136.8736,W,25.70,V,6,115*4C
$BNRDD,3079,2018-05-21T07:56:59Z,43,4,326,A,5458.1481,N,00136.9077,W,20.40,A,4,195*59
$BNRDD,3079,2018-05-21T07:57:04Z,42,3,329,A,5458.1456,N,00136.9161,W,-7.80,A,6,174*4C
$BNRDD,3079,2018-05-21T07:57:09Z,41,2,331,A,5458.1456,N,00136.9131,W,-11.90,A,7,114*7E
$BNRDD,3079,2018-05-21T07:57:14Z,39,2,333,A,5458.1478,N,00136.9098,W,-15.40,A,6,139*76
$BNRDD,3079,2018-05-21T07:57:19Z,41,5,338,A,5458.1502,N,00136.9036,W,3.20,A,7,114*62
$BNRDD,3079,2018-05-21T07:57:24Z,45,7,345,A,5458.1543,N,00136.8926,W,39.00,A,7,114*57
$BNRDD,3079,2018-05-21T07:57:29Z,45,2,347,A,5458.1560,N,00136.8992,W,40.80,A,7,114*55
$BNRDD,3079,2018-05-21T07:57:34Z,45,3,350,A,5458.1595,N,00136.9070,W,41.50,A,7,114*5C
$BNRDD,3079,2018-05-21T07:57:39Z,45,4,354,A,5458.1634,N,00136.9147,W,39.70,A,7,114*52
$BNRDD,3079,2018-05-21T07:57:44Z,49,6,360,A,5458.1652,N,00136.9196,W,38.50,A,7,114*5E
$BNRDD,3079,2018-05-21T07:57:49Z,43,2,362,A,5458.1669,N,00136.9246,W,36.40,A,7,114*56
$BNRDD,3079,2018-05-21T07:57:54Z,42,2,364,A,5458.1670,N,00136.9296,W,35.00,A,7,114*5F
$BNRDD,3079,2018-05-21T07:57:59Z,41,3,367,A,5458.1683,N,00136.9340,W,32.90,A,7,114*5B
$BNRDD,3079,2018-05-21T07:58:04Z,39,1,368,A,5458.1705,N,00136.9386,W,31.90,A,7,114*58
$BNRDD,3079,2018-05-21T07:58:09Z,39,2,370,A,5458.1708,N,00136.9363,W,38.70,A,7,114*5E
$BNRDD,3079,2018-05-21T07:58:14Z,42,5,375,A,5458.1698,N,00136.9407,W,39.20,A,7,114*55
$BNRDD,3079,2018-05-21T07:58:19Z,37,0,375,A,5458.1696,N,00136.9425,W,44.60,A,7,114*5F
$BNRDD,3079,2018-05-21T07:58:24Z,31,1,376,A,5458.1677,N,00136.9479,W,45.80,A,7,114*5C
$BNRDD,3079,2018-05-21T07:58:29Z,32,3,379,A,5458.1670,N,00136.9530,W,45.80,A,7,114*54
$BNRDD,3079,2018-05-21T07:58:34Z,33,4,383,A,5458.1661,N,00136.9591,W,45.50,A,7,114*5D
$BNRDD,3079,2018-05-21T07:58:39Z,34,5,388,A,5458.1648,N,00136.9659,W,46.10,A,7,114*56
$BNRDD,3079,2018-05-21T07:58:44Z,32,4,392,A,5458.1655,N,00136.9698,W,47.80,A,7,114*59
$BNRDD,3079,2018-05-21T07:58:49Z,36,6,398,A,5458.1650,N,00136.9746,W,47.20,A,7,114*55
$BNRDD,3079,2018-05-21T07:58:54Z,40,6,404,A,5458.1643,N,00136.9804,W,46.30,A,7,114*51
$BNRDD,3079,2018-05-21T07:58:59Z,41,4,408,A,5458.1637,N,00136.9870,W,44.70,A,7,114*55
$BNRDD,3079,2018-05-21T07:59:04Z,43,3,411,A,5458.1622,N,00136.9933,W,44.80,A,7,114*5C
$BNRDD,3079,2018-05-21T07:59:10Z,46,5,416,A,5458.1594,N,00136.9995,W,45.40,A,7,114*52
$BNRDD,3079,2018-05-21T07:59:15Z,47,6,422,A,5458.1572,N,00137.0041,W,45.40,A,7,114*52
$BNRDD,3079,2018-05-21T07:59:20Z,53,6,428,A,5458.1576,N,00137.0098,W,44.50,A,7,114*5B
$BNRDD,3079,2018-05-21T07:59:25Z,58,6,434,A,5458.1574,N,00137.0163,W,44.70,A,7,114*5D
$BNRDD,3079,2018-05-21T07:59:30Z,59,4,438,A,5458.1562,N,00137.0231,W,45.30,A,7,114*50
$BNRDD,3079,2018-05-21T07:59:35Z,60,5,443,A,5458.1546,N,00137.0298,W,45.20,A,7,114*56
$BNRDD,3079,2018-05-21T07:59:40Z,58,3,446,A,5458.1524,N,00137.0351,W,44.70,A,7,114*58
$BNRDD,3079,2018-05-21T07:59:45Z,58,4,450,A,5458.1514,N,00137.0411,W,44.50,A,7,114*5F
$BNRDD,3079,2018-05-21T07:59:50Z,54,2,452,A,5458.1507,N,00137.0459,W,44.40,A,7,114*5C
$BNRDD,3079,2018-05-21T07:59:55Z,53,5,457,A,5458.1513,N,00137.0503,W,43.80,A,7,114*5C
$BNRDD,3079,2018-05-21T08:00:00Z,53,4,461,A,5458.1524,N,00137.0553,W,43.00,A,7,113*55
$BNRDD,3079,2018-05-21T08:00:05Z,52,2,463,A,5458.1552,N,00137.0618,W,43.00,A,7,113*58
$BNRDD,3079,2018-05-21T08:00:10Z,52,5,468,A,5458.1573,N,00137.0687,W,42.30,A,7,113*57
$BNRDD,3079,2018-05-21T08:00:15Z,51,5,473,A,5458.1615,N,00137.0736,W,41.70,A,6,140*53
$BNRDD,3079,2018-05-21T08:00:20Z,52,7,480,A,5458.1659,N,00137.0775,W,41.10,A,7,113*56
$BNRDD,3079,2018-05-21T08:00:25Z,49,3,483,A,5458.1687,N,00137.0822,W,40.50,A,7,113*55
$BNRDD,3079,2018-05-21T08:00:30Z,49,4,487,A,5458.1672,N,00137.0909,W,39.20,A,7,113*59
$BNRDD,3079,2018-05-21T08:00:35Z,47,3,490,A,5458.1668,N,00137.0953,W,38.60,A,6,119*59
$BNRDD,3079,2018-05-21T08:00:40Z,45,1,491,A,5458.1685,N,00137.1003,W,38.00,A,7,113*59
$BNRDD,3079,2018-05-21T08:00:45Z,41,0,491,A,5458.1686,N,00137.1063,W,37.00,A,7,113*53
$BNRDD,3079,2018-05-21T08:00:50Z,41,2,493,A,5458.1702,N,00137.1127,W,36.00,A,7,113*5A
$BNRDD,3079,2018-05-21T08:00:55Z,38,2,495,A,5458.1731,N,00137.1179,W,35.00,A,7,113*5F
$BNRDD,3079,2018-05-21T08:01:00Z,37,3,498,A,5458.1746,N,00137.1219,W,34.40,A,7,113*5D
$BNRDD,3079,2018-05-21T08:01:05Z,36,1,499,A,5458.1766,N,00137.1272,W,34.00,A,7,113*51
$BNRDD,3079,2018-05-21T08:01:10Z,38,7,506,A,5458.1766,N,00137.1336,W,33.50,A,7,113*59
$BNRDD,3079,2018-05-21T08:01:15Z,36,3,509,A,5458.1788,N,00137.1391,W,33.20,A,7,113*53
$BNRDD,3079,2018-05-21T08:01:20Z,33,4,513,A,5458.1809,N,00137.1446,W,32.90,A,6,140*5A
$BNRDD,3079,2018-05-21T08:01:25Z,33,3,516,A,5458.1834,N,00137.1470,W,32.40,A,7,113*5C
$BNRDD,3079,2018-05-21T08:01:30Z,34,5,521,A,5458.1867,N,00137.1499,W,31.80,A,7,116*56
$BNRDD,3079,2018-05-21T08:01:35Z,37,6,527,A,5458.1896,N,00137.1548,W,30.90,A,7,113*53
$BNRDD,3079,2018-05-21T08:01:40Z,36,0,527,A,5458.1935,N,00137.1581,W,30.10,A,6,230*50
$BNRDD,3079,2018-05-21T08:01:45Z,36,0,527,A,5458.1972,N,00137.1592,W,29.40,A,7,116*5F
$BNRDD,3079,2018-05-21T08:01:50Z,38,4,531,A,5458.2016,N,00137.1598,W,29.80,A,6,229*56
$BNRDD,3079,2018-05-21T08:01:55Z,37,1,532,A,5458.2057,N,00137.1600,W,32.30,A,7,113*57
$BNRDD,3079,2018-05-21T08:02:00Z,37,3,535,A,5458.2064,N,00137.1635,W,36.60,A,7,116*53
$BNRDD,3079,2018-05-21T08:02:05Z,37,1,536,A,5458.2071,N,00137.1697,W,38.40,A,6,113*53
$BNRDD,3079,2018-05-21T08:02:11Z,33,3,539,A,5458.2101,N,00137.1730,W,39.80,A,6,228*53
$BNRDD,3079,2018-05-21T08:02:16Z,31,1,540,A,5458.2118,N,00137.1754,W,41.30,A,6,140*59
$BNRDD,3079,2018-05-21T08:02:21Z,28,1,541,A,5458.2144,N,00137.1771,W,42.90,A,7,113*54
$BNRDD,3079,2018-05-21T08:02:26Z,26,1,542,A,5458.2151,N,00137.1804,W,44.40,A,6,140*5B
$BNRDD,3079,2018-05-21T08:02:31Z,24,3,545,A,5458.2158,N,00137.1841,W,46.20,A,7,113*51
$BNRDD,3079,2018-05-21T08:02:36Z,21,3,548,A,5458.2156,N,00137.1840,W,46.60,A,7,113*55
$BNRDD,3079,2018-05-21T08:02:41Z,25,4,552,A,5458.2133,N,00137.1838,W,47.00,A,7,113*56
$BNRDD,3079,2018-05-21T08:02:46Z,26,1,553,A,5458.2133,N,00137.1812,W,47.20,A,7,109*57
$BNRDD,3079,2018-05-21T08:02:51Z,26,4,557,A,5458.2144,N,00137.1815,W,47.40,A,6,145*58
$BNRDD,3079,2018-05-21T08:02:56Z,27,2,559,A,5458.2169,N,00137.1827,W,47.60,A,6,145*5A
$BNRDD,3079,2018-05-21T08:03:01Z,28,4,563,A,5458.2234,N,00137.1769,W,47.90,A,6,145*58
$BNRDD,3079,2018-05-21T08:03:06Z,29,2,565,A,5458.2258,N,00137.1792,W,48.20,A,6,145*54
$BNRDD,3079,2018-05-21T08:03:11Z,29,3,568,A,5458.2292,N,00137.1822,W,48.60,A,5,151*5E
$BNRDD,3079,2018-05-21T08:03:16Z,29,1,569,A,5458.2327,N,00137.1823,W,48.90,A,4,173*5A
$BNRDD,3079,2018-05-21T08:03:21Z,31,3,572,A,5458.2331,N,00137.1830,W,49.10,A,4,173*53
$BNRDD,3079,2018-05-21T08:03:26Z,35,5,577,A,5458.2339,N,00137.1809,W,49.40,A,4,173*54
$BNRDD,3079,2018-05-21T08:03:31Z,34,2,579,A,5458.2337,N,00137.1769,W,49.60,A,4,173*5F
$BNRDD,3079,2018-05-21T08:03:36Z,34,3,582,A,5458.2310,N,00137.1790,W,50.00,A,4,172*51
$BNRDD,3079,2018-05-21T08:03:41Z,34,4,586,A,5458.2283,N,00137.1776,W,50.00,A,4,172*51
$BNRDD,3079,2018-05-21T08:03:46Z,37,4,590,A,5458.2278,N,00137.1785,W,50.10,A,4,172*5B
$BNRDD,3079,2018-05-21T08:03:51Z,37,4,594,A,5458.2287,N,00137.1793,W,50.10,A,4,172*5E
$BNRDD,3079,2018-05-21T08:03:56Z,40,5,599,A,5458.2273,N,00137.1789,W,50.10,A,4,172*55
$BNRDD,3079,2018-05-21T08:04:01Z,39,3,602,A,5458.2271,N,00137.1779,W,49.90,A,4,172*54
$BNRDD,3079,2018-05-21T08:04:06Z,38,1,603,A,5458.2270,N,00137.1775,W,49.90,A,4,172*5C
$BNRDD,3079,2018-05-21T08:04:11Z,44,9,612,A,5458.2273,N,00137.1779,W,49.90,A,4,172*56
$BNRDD,3079,2018-05-21T08:04:16Z,44,1,613,A,5458.2219,N,00137.1728,W,49.20,A,6,144*5C
$BNRDD,3079,2018-05-21T08:04:21Z,44,3,616,A,5458.2227,N,00137.1788,W,48.30,A,6,218*52
$BNRDD,3079,2018-05-21T08:04:26Z,41,2,618,A,5458.2239,N,00137.1882,W,47.80,A,7,113*58
$BNRDD,3079,2018-05-21T08:04:31Z,41,2,620,A,5458.2268,N,00137.1962,W,48.70,A,6,119*55
$BNRDD,3079,2018-05-21T08:04:36Z,47,9,629,A,5458.2288,N,00137.2026,W,48.80,A,7,113*56
$BNRDD,3079,2018-05-21T08:04:41Z,48,5,634,A,5458.2294,N,00137.2084,W,50.20,A,7,113*5F
$BNRDD,3079,2018-05-21T08:04:46Z,50,6,640,A,5458.2321,N,00137.2138,W,51.50,A,7,113*5E
$BNRDD,3079,2018-05-21T08:04:51Z,51,5,645,A,5458.2324,N,00137.2193,W,52.60,A,7,113*5B
$BNRDD,3079,2018-05-21T08:04:56Z,48,2,647,A,5458.2319,N,00137.2213,W,53.20,A,7,113*51
$BNRDD,3079,2018-05-21T08:05:01Z,49,4,651,A,5458.2313,N,00137.2221,W,53.20,A,7,113*59
$BNRDD,3079,2018-05-21T08:05:06Z,50,2,653,A,5458.2328,N,00137.2219,W,53.60,A,7,115*53
$BNRDD,3079,2018-05-21T08:05:11Z,51,10,663,A,5458.2325,N,00137.2226,W,55.90,A,7,113*6A
$BNRDD,3079,2018-05-21T08:05:16Z,55,5,668,A,5458.2350,N,00137.2244,W,59.80,A,7,113*5D
$BNRDD,3079,2018-05-21T08:05:21Z,55,3,671,A,5458.2380,N,00137.2260,W,61.40,A,7,112*5A
$BNRDD,3079,2018-05-21T08:05:26Z,57,4,675,A,5458.2415,N,00137.2280,W,62.10,A,7,112*5F
$BNRDD,3079,2018-05-21T08:05:31Z,62,7,682,A,5458.2450,N,00137.2305,W,62.70,A,7,112*5F
$BNRDD,3079,2018-05-21T08:05:36Z,61,8,690,A,5458.2480,N,00137.2336,W,62.90,A,7,113*55
$BNRDD,3079,2018-05-21T08:05:41Z,58,2,692,A,5458.2511,N,00137.2367,W,63.20,A,7,112*51
$BNRDD,3079,2018-05-21T08:05:46Z,60,8,700,A,5458.2535,N,00137.2391,W,64.60,A,7,112*51
$BNRDD,3079,2018-05-21T08:05:51Z,57,2,702,A,5458.2557,N,00137.2409,W,67.30,A,7,112*5F
$BNRDD,3079,2018-05-21T08:05:56Z,57,2,704,A,5458.2576,N,00137.2439,W,69.40,A,6,142*53
$BNRDD,3079,2018-05-21T08:06:01Z,59,6,710,A,5458.2599,N,00137.2458,W,70.50,A,7,112*56
$BNRDD,3079,2018-05-21T08:06:06Z,61,4,714,A,5458.2628,N,00137.2487,W,70.20,A,6,142*54
$BNRDD,3079,2018-05-21T08:06:11Z,56,5,719,A,5458.2659,N,00137.2513,W,69.30,A,7,112*5D
$BNRDD,3079,2018-05-21T08:06:16Z,55,4,723,A,5458.2688,N,00137.2535,W,68.90,A,7,112*52
$BNRDD,3079,2018-05-21T08:06:21Z,54,2,725,A,5458.2716,N,00137.2560,W,69.00,A,7,112*59
$BNRDD,3079,2018-05-21T08:06:26Z,51,1,726,A,5458.2738,N,00137.2588,W,69.30,A,6,142*56
$BNRDD,3079,2018-05-21T08:06:31Z,47,3,729,A,5458.2771,N,00137.2615,W,68.30,A,7,112*55
$BNRDD,3079,2018-05-21T08:06:36Z,44,5,734,A,5458.2805,N,00137.2669,W,66.60,A,7,112*57
$BNRDD,3079,2018-05-21T08:06:42Z,43,1,735,A,5458.2843,N,00137.2721,W,65.70,A,6,142*5F
$BNRDD,3079,2018-05-21T08:06:47Z,38,3,738,A,5458.2876,N,00137.2748,W,65.20,A,7,112*51
$BNRDD,3079,2018-05-21T08:06:52Z,41,5,743,A,5458.2906,N,00137.2793,W,65.10,A,7,112*52
$BNRDD,3079,2018-05-21T08:06:57Z,44,5,748,A,5458.2933,N,00137.2833,W,65.10,A,7,112*5A
$BNRDD,3079,2018-05-21T08:07:02Z,40,2,750,A,5458.2960,N,00137.2870,W,65.40,A,7,112*55
$BNRDD,3079,2018-05-21T08:07:07Z,39,3,753,A,5458.2982,N,00137.2908,W,66.10,A,7,112*58
$BNRDD,3079,2018-05-21T08:07:12Z,36,2,755,A,5458.2996,N,00137.2941,W,67.30,A,7,112*5F
$BNRDD,3079,2018-05-21T08:07:17Z,33,1,756,A,5458.3006,N,00137.2969,W,68.30,A,7,112*5B
$BNRDD,3079,2018-05-21T08:07:22Z,32,1,757,A,5458.3029,N,00137.2997,W,69.20,A,6,154*52
$BNRDD,3079,2018-05-21T08:07:27Z,36,5,762,A,5458.3045,N,00137.3022,W,70.00,A,6,153*50
$BNRDD,3079,2018-05-21T08:07:32Z,34,1,763,A,5458.3075,N,00137.3048,W,71.10,A,8,95*69
$BNRDD,3079,2018-05-21T08:07:37Z,30,1,764,A,5458.3099,N,00137.3096,W,72.40,A,8,95*68
$BNRDD,3079,2018-05-21T08:07:42Z,33,4,768,A,5458.3126,N,00137.3162,W,73.10,A,8,95*6B
$BNRDD,3079,2018-05-21T08:07:47Z,34,4,772,A,5458.3163,N,00137.3202,W,74.40,A,8,98*69
$BNRDD,3079,2018-05-21T08:07:52Z,31,2,774,A,5458.3183,N,00137.3239,W,76.20,A,6,153*52
$BNRDD,3079,2018-05-21T08:07:57Z,28,2,776,A,5458.3188,N,00137.3300,W,77.70,A,7,112*5D
$BNRDD,3079,2018-05-21T08:08:02Z,27,1,777,A,5458.3185,N,00137.3340,W,79.00,A,7,120*5E
$BNRDD,3079,2018-05-21T08:08:07Z,27,3,780,A,5458.3184,N,00137.3393,W,80.40,A,7,112*5D
$BNRDD,3079,2018-05-21T08:08:12Z,27,2,782,A,5458.3210,N,00137.3437,W,81.80,A,7,120*51
$BNRDD,3079,2018-05-21T08:08:17Z,28,2,784,A,5458.3238,N,00137.3454,W,83.10,A,7,120*59
$BNRDD,3079,2018-05-21T08:08:22Z,30,3,787,A,5458.3242,N,00137.3467,W,83.80,A,6,143*54
$BNRDD,3079,2018-05-21T08:08:27Z,27,2,789,A,5458.3254,N,00137.3478,W,84.40,A,6,143*5A
$BNRDD,3079,2018-05-21T08:08:32Z,29,3,792,A,5458.3275,N,00137.3526,W,85.00,A,6,143*57
$BNRDD,3079,2018-05-21T08:08:37Z,30,2,794,A,5458.3328,N,00137.3588,W,82.60,A,7,112*54
$BNRDD,3079,2018-05-21T08:08:42Z,27,1,795,A,5458.3372,N,00137.3635,W,80.80,A,6,143*51
$BNRDD,3079,2018-05-21T08:08:47Z,27,4,799,A,5458.3410,N,00137.3686,W,77.10,A,7,112*52
$BNRDD,3079,2018-05-21T08:08:52Z,25,0,799,A,5458.3427,N,00137.3759,W,73.50,A,7,112*57
$BNRDD,3079,2018-05-21T08:08:57Z,27,4,803,A,5458.3441,N,00137.3792,W,72.10,A,7,114*5C
$BNRDD,3079,2018-05-21T08:09:02Z,31,5,808,A,5458.3456,N,00137.3829,W,71.50,A,6,119*52
$BNRDD,3079,2018-05-21T08:09:07Z,30,2,810,A,5458.3466,N,00137.3855,W,71.30,A,7,112*5C
$BNRDD,3079,2018-05-21T08:09:12Z,31,3,813,A,5458.3474,N,00137.3878,W,71.10,A,7,112*55
$BNRDD,3079,2018-05-21T08:09:17Z,30,1,814,A,5458.3484,N,00137.3895,W,70.90,A,7,112*51
$BNRDD,3079,2018-05-21T08:09:22Z,30,3,817,A,5458.3485,N,00137.3907,W,70.80,A,6,144*5E
$BNRDD,3079,2018-05-21T08:09:27Z,30,2,819,A,5458.3493,N,00137.3880,W,70.60,A,6,144*53
$BNRDD,3079,2018-05-21T08:09:32Z,28,1,820,A,5458.3495,N,00137.3869,W,70.50,A,5,221*56
$BNRDD,3079,2018-05-21T08:09:37Z,29,3,823,A,5458.3514,N,00137.3851,W,70.40,A,4,994*55
$BNRDD,3079,2018-05-21T08:09:42Z,29,1,824,A,5458.3523,N,00137.3797,W,70.30,A,5,222*53
$BNRDD,3079,2018-05-21T08:09:47Z,27,2,826,A,5458.3529,N,00137.3807,W,70.30,A,5,222*55
$BNRDD,3079,2018-05-21T08:09:52Z,31,4,830,A,5458.3525,N,00137.3813,W,70.30,A,4,309*57
$BNRDD,3079,2018-05-21T08:09:57Z,27,0,830,A,5458.3534,N,00137.3818,W,70.30,A,4,309*5A
$BNRDD,3079,2018-05-21T08:10:03Z,23,1,831,A,5458.3538,N,00137.3818,W,70.30,V,4,309*4C
$BNRDD,3079,2018-05-21T08:10:08Z,24,3,834,A,5458.3538,N,00137.3818,W,70.30,V,4,309*47
$BNRDD,3079,2018-05-21T08:10:13Z,22,1,835,A,5458.3538,N,00137.3818,W,70.30,V,4,309*48
$BNRDD,3079,2018-05-21T08:10:18Z,22,1,836,A,5458.3538,N,00137.3818,W,70.30,V,4,309*40
$BNRDD,3079,2018-05-21T08:10:23Z,21,2,838,A,5458.3538,N,00137.3818,W,70.30,V,4,309*46
$BNRDD,3079,2018-05-21T08:10:28Z,19,0,838,A,5458.3538,N,00137.3818,W,70.30,V,4,309*44
$BNRDD,3079,2018-05-21T08:10:33Z,22,4,842,A,5458.3538,N,00137.3818,W,70.30,V,4,309*4F
$BNRDD,3079,2018-05-21T08:10:38Z,22,3,845,A,5458.3538,N,00137.3818,W,70.30,V,4,309*44
$BNRDD,3079,2018-05-21T08:10:43Z,22,1,846,A,5458.3538,N,00137.3818,W,70.30,V,4,309*49
$BNRDD,3079,2018-05-21T08:10:48Z,23,3,849,A,5458.3538,N,00137.3818,W,70.30,V,4,309*4E
$BNRDD,3079,2018-05-21T08:10:53Z,20,1,850,A,5458.3538,N,00137.3818,W,70.30,V,4,309*4D
$BNRDD,3079,2018-05-21T08:10:58Z,20,0,850,A,5458.3538,N,00137.3818,W,70.30,V,4,309*47
$BNRDD,3079,2018-05-21T08:11:03Z,21,2,852,A,5458.3538,N,00137.3818,W,70.30,V,4,309*49
$BNRDD,3079,2018-05-21T08:11:08Z,20,2,854,A,5458.3538,N,00137.3818,W,70.30,V,4,309*45
$BNRDD,3079,2018-05-21T08:11:13Z,21,2,856,A,5458.3538,N,00137.3818,W,70.30,V,4,309*4C
$BNRDD,3079,2018-05-21T08:11:18Z,23,3,859,A,5458.3538,N,00137.3818,W,70.30,V,4,309*4B
$BNRDD,3079,2018-05-21T08:11:23Z,22,1,860,A,5458.3538,N,00137.3818,W,70.30,V,4,309*4A
$BNRDD,3079,2018-05-21T08:11:28Z,26,4,864,A,5458.3538,N,00137.3818,W,70.30,V,4,309*44
$BNRDD,3079,2018-05-21T08:11:33Z,24,2,866,A,5458.3538,N,00137.3818,W,70.30,V,4,309*48
$BNRDD,3079,2018-05-21T08:11:38Z,24,3,869,A,5458.3538,N,00137.3818,W,70.30,V,4,309*4D
$BNRDD,3079,2018-05-21T08:11:43Z,26,3,872,A,5458.3538,N,00137.3818,W,70.30,V,4,309*49
$BNRDD,3079,2018-05-21T08:11:48Z,25,2,874,A,5458.3538,N,00137.3818,W,70.30,V,4,309*46
$BNRDD,3079,2018-05-21T08:11:53Z,27,3,877,A,5458.3538,N,00137.3818,W,70.30,V,4,309*4C
$BNRDD,3079,2018-05-21T08:11:58Z,28,1,878,A,5458.3538,N,00137.3818,W,70.30,V,4,309*45
$BNRDD,3079,2018-05-21T08:12:03Z,27,1,879,A,5458.3538,N,00137.3818,W,70.30,V,4,309*46
$BNRDD,3079,2018-05-21T08:12:08Z,28,3,882,A,5458.3538,N,00137.3818,W,70.30,V,4,309*44
$BNRDD,3079,2018-05-21T08:12:13Z,26,0,882,A,5458.3538,N,00137.3818,W,70.30,V,4,309*43
$BNRDD,3079,2018-05-21T08:12:18Z,23,0,882,A,5458.3538,N,00137.3818,W,70.30,V,4,309*4D
$BNRDD,3079,2018-05-21T08:12:23Z,23,1,883,A,5458.3538,N,00137.3818,W,70.30,V,4,309*45
$BNRDD,3079,2018-05-21T08:12:28Z,21,2,885,A,5458.3538,N,00137.3818,W,70.30,V,4,309*49
$BNRDD,3079,2018-05-21T08:12:33Z,23,4,889,A,5458.3538,N,00137.3818,W,70.30,V,4,309*4B
$BNRDD,3079,2018-05-21T08:12:38Z,25,5,894,A,5458.3538,N,00137.3818,W,70.30,V,4,309*4B
$BNRDD,3079,2018-05-21T08:12:43Z,23,1,895,A,5458.3538,N,00137.3818,W,70.30,V,4,309*44